<?xml version="1.0" encoding="UTF-8"?>
<con:testCase xmlns:con="http://eviware.com/soapui/config" xmlns:xsi="http://www.w3.org/2001/XMLSchema-instance" id="ec42c978-1cd7-4491-9ba7-1ca49427bc85" discardOkResults="false" failOnError="false" failTestCaseOnErrors="true" keepSession="false" name="Test Case" searchProperties="true" timeout="0">
  <con:settings id="bbaa79ed-8614-4436-a26f-339e72064da4">
    <con:setting id="ec42c978-1cd7-4491-9ba7-1ca49427bc85fileName">Test-Case</con:setting>
  </con:settings>
  <con:testStep type="datasource" name="Data Source" id="cb68dced-22f2-4c73-b069-604ff8d7cd86">
    <con:settings/>
    <con:config xsi:type="con:DataSourceStep">
      <con:dataSource type="Data Generator">
        <con:configuration>
          <generatedDataCount>10</generatedDataCount>
          <generatorsTotalNumber>1</generatorsTotalNumber>
          <lastSelectedProperty>-1</lastSelectedProperty>
          <GeneratorType0>CITY</GeneratorType0>
          <PropertyName0>address</PropertyName0>
          <repetitionCountaddress>0</repetitionCountaddress>
          <repeatValuesaddress>false</repeatValuesaddress>
          <escapeSpaceSequence/>
        </con:configuration>
      </con:dataSource>
      <con:shared>true</con:shared>
      <con:restartShared>true</con:restartShared>
      <con:property>address</con:property>
      <con:restartOnRun>true</con:restartOnRun>
      <con:stopDatasourceExhausted>false</con:stopDatasourceExhausted>
    </con:config>
  </con:testStep>
  <con:testStep type="restrequest" name="Get Location" id="0af7900b-f154-448b-bf1c-7d5edc032c7b">
    <con:settings/>
    <con:config service="https://maps.googleapis.com" resourcePath="/maps/api/geocode/json" methodName="Json" xsi:type="con:RestRequestStep">
      <con:restRequest name="Get Location" id="7ad77b94-454a-4bea-8873-f3806b376e0b" mediaType="application/json">
        <con:settings>
          <con:setting id="com.eviware.soapui.impl.wsdl.WsdlRequest@request-headers">&lt;xml-fragment/></con:setting>
        </con:settings>
        <con:endpoint>https://maps.googleapis.com</con:endpoint>
        <con:request/>
        <con:originalUri>https://maps.googleapis.com/maps/api/geocode/json</con:originalUri>
        <con:assertion type="Valid HTTP Status Codes" id="1afbab70-6d00-42f9-8656-44596f56c9ad" name="Valid HTTP Status Codes">
          <con:settings/>
          <con:configuration>
            <codes>200</codes>
          </con:configuration>
        </con:assertion>
        <con:assertion type="Response SLA Assertion" id="71e81125-5325-4331-b4ff-76263fa67184" name="Response SLA">
          <con:configuration>
            <SLA>200</SLA>
          </con:configuration>
        </con:assertion>
        <con:credentials>
          <con:selectedAuthProfile>No Authorization</con:selectedAuthProfile>
          <con:authType>No Authorization</con:authType>
        </con:credentials>
        <con:jmsConfig JMSDeliveryMode="PERSISTENT"/>
        <con:parameters>
          <con:entry key="address" value="${Data Source#address}"/>
        </con:parameters>
        <con:parameterOrder>
          <con:entry>address</con:entry>
          <con:entry>key</con:entry>
        </con:parameterOrder>
      </con:restRequest>
    </con:config>
  </con:testStep>
  <con:testStep type="restrequest" name="Get Weather" id="84a6a2de-679f-44c2-bccd-9d516d0f9614">
    <con:settings/>
    <con:config service="http://api.openweathermap.org" resourcePath="/data/2.5/weather" methodName="Weather" xsi:type="con:RestRequestStep">
      <con:restRequest name="Get Weather" id="b27bab43-981e-465f-b390-29cd35f3b079" mediaType="application/json">
        <con:settings>
          <con:setting id="com.eviware.soapui.impl.wsdl.WsdlRequest@request-headers">&lt;xml-fragment/></con:setting>
        </con:settings>
        <con:endpoint>http://api.openweathermap.org</con:endpoint>
        <con:request/>
        <con:originalUri>http://api.openweathermap.org/data/2.5/weather</con:originalUri>
        <con:assertion type="Valid HTTP Status Codes" id="95f47a26-ad9e-4441-81b8-afa458ee5782" name="Valid HTTP Status Codes">
          <con:settings/>
          <con:configuration>
            <codes>200</codes>
          </con:configuration>
        </con:assertion>
        <con:assertion type="Response SLA Assertion" id="f2dc59a1-8fba-4ed3-b146-17501c29667e" name="Response SLA">
          <con:configuration>
            <SLA>200</SLA>
          </con:configuration>
        </con:assertion>
        <con:assertion type="JsonPath Match" id="6baca209-c880-453b-8571-3f55144b9bdc" name="Match content of [country]">
          <con:configuration>
            <path>$['sys']['country']</path>
            <content>${Get Location#Response#$['results'][0]['address_components'][3]['short_name']}</content>
            <allowWildcards>false</allowWildcards>
            <ignoreNamspaceDifferences>false</ignoreNamspaceDifferences>
            <ignoreComments>false</ignoreComments>
          </con:configuration>
        </con:assertion>
        <con:credentials>
          <con:selectedAuthProfile>No Authorization</con:selectedAuthProfile>
          <con:authType>No Authorization</con:authType>
        </con:credentials>
        <con:jmsConfig JMSDeliveryMode="PERSISTENT"/>
        <con:parameters>
          <con:entry key="lon" value="${Get Location#Response#$['results'][0]['geometry']['bounds']['northeast']['lng']}"/>
          <con:entry key="lat" value="${Get Location#Response#$['results'][0]['geometry']['bounds']['northeast']['lat']}"/>
        </con:parameters>
        <con:parameterOrder>
          <con:entry>lat</con:entry>
          <con:entry>lon</con:entry>
          <con:entry>APPID</con:entry>
        </con:parameterOrder>
      </con:restRequest>
    </con:config>
  </con:testStep>
  <con:testStep type="datasourceloop" name="Data Source Loop" id="df90dc0c-aaa0-4df2-bd5f-7e424ab0549f">
    <con:settings/>
    <con:config>
      <dataSourceStep>Data Source</dataSourceStep>
      <targetStep>Get Location</targetStep>
      <discardResults>true</discardResults>
    </con:config>
  </con:testStep>
  <con:properties/>
  <con:reportParameters/>
</con:testCase>
